<?xml version="1.0" encoding="UTF-8"?>
<!-- Generated by org.testng.reporters.JUnitReportReporter -->
<testsuite skipped="0" hostname="SUNIL-LAPTOP" name="com.webwork.app.runner.SimpleTest" tests="1" failures="0" timestamp="2023-03-15T11:12:46 PDT" time="0.026" errors="0">
  <testcase name="simpleTest" time="0.026" classname="com.webwork.app.runner.SimpleTest"/>
  <system-out/>
</testsuite> <!-- com.webwork.app.runner.SimpleTest -->
