<?xml version="1.0" encoding="UTF-8"?>
<!-- Generated by org.testng.reporters.JUnitReportReporter -->
<testsuite skipped="2" hostname="SUNIL-LAPTOP" name="com.webwork.AppiumAutomationFrameWork.test.BasicTest" tests="3" failures="0" timestamp="11 Jan 2023 17:38:34 GMT" time="8.268" errors="1">
  <testcase name="loginTestValidProblem" time="0.000" classname="com.webwork.AppiumAutomationFrameWork.test.BasicTest">
    <skipped/>
  </testcase> <!-- loginTestValidProblem -->
  <testcase name="setUp" time="8.268" classname="com.webwork.AppiumAutomationFrameWork.test.BasicTest">
    <error type="org.openqa.selenium.SessionNotCreatedException" message="Unable to create a new remote session. Please check the server log for more details. Original error: An unknown server-side error occurred while processing the command. Original error: Cannot verify the signature of &#039;C:\Users\SUNIL\AppData\Roaming\npm\node_modules\appium\node_modules\appium-uiautomator2-server\apks\appium-uiautomator2-server-v4.27.0.apk&#039;. Original error: Could not find &#039;apksigner.jar&#039; in [&quot;C:\\android-sdk\\platform-tools\\apksigner.jar&quot;,&quot;C:\\android-sdk\\emulator\\apksigner.jar&quot;,&quot;C:\\android-sdk\\cmdline-tools\\latest\\bin\\apksigner.jar&quot;,&quot;C:\\android-sdk\\tools\\apksigner.jar&quot;,&quot;C:\\android-sdk\\tools\\bin\\apksigner.jar&quot;,&quot;C:\\android-sdk\\apksigner.jar&quot;]. Do you have Android Build Tools installed at &#039;C:\android-sdk&#039;?
Build info: version: &#039;3.141.59&#039;, revision: &#039;e82be7d358&#039;, time: &#039;2018-11-14T08:17:03&#039;
System info: host: &#039;SUNIL-LAPTOP&#039;, ip: &#039;192.168.1.12&#039;, os.name: &#039;Windows 10&#039;, os.arch: &#039;amd64&#039;, os.version: &#039;10.0&#039;, java.version: &#039;1.8.0_261&#039;
Driver info: driver.version: AndroidDriver
remote stacktrace: UnknownError: An unknown server-side error occurred while processing the command. Original error: Cannot verify the signature of &#039;C:\Users\SUNIL\AppData\Roaming\npm\node_modules\appium\node_modules\appium-uiautomator2-server\apks\appium-uiautomator2-server-v4.27.0.apk&#039;. Original error: Could not find &#039;apksigner.jar&#039; in [&quot;C:\\android-sdk\\platform-tools\\apksigner.jar&quot;,&quot;C:\\android-sdk\\emulator\\apksigner.jar&quot;,&quot;C:\\android-sdk\\cmdline-tools\\latest\\bin\\apksigner.jar&quot;,&quot;C:\\android-sdk\\tools\\apksigner.jar&quot;,&quot;C:\\android-sdk\\tools\\bin\\apksigner.jar&quot;,&quot;C:\\android-sdk\\apksigner.jar&quot;]. Do you have Android Build Tools installed at &#039;C:\android-sdk&#039;?
    at getResponseForW3CError (C:\Users\SUNIL\AppData\Roaming\npm\node_modules\appium\node_modules\appium-base-driver\lib\protocol\errors.js:804:9)
    at asyncHandler (C:\Users\SUNIL\AppData\Roaming\npm\node_modules\appium\node_modules\appium-base-driver\lib\protocol\protocol.js:380:37)
Build info: version: &#039;3.141.59&#039;, revision: &#039;e82be7d358&#039;, time: &#039;2018-11-14T08:17:03&#039;
System info: host: &#039;SUNIL-LAPTOP&#039;, ip: &#039;192.168.1.12&#039;, os.name: &#039;Windows 10&#039;, os.arch: &#039;amd64&#039;, os.version: &#039;10.0&#039;, java.version: &#039;1.8.0_261&#039;
Driver info: driver.version: AndroidDriver">
      <![CDATA[org.openqa.selenium.SessionNotCreatedException: Unable to create a new remote session. Please check the server log for more details. Original error: An unknown server-side error occurred while processing the command. Original error: Cannot verify the signature of 'C:\Users\SUNIL\AppData\Roaming\npm\node_modules\appium\node_modules\appium-uiautomator2-server\apks\appium-uiautomator2-server-v4.27.0.apk'. Original error: Could not find 'apksigner.jar' in ["C:\\android-sdk\\platform-tools\\apksigner.jar","C:\\android-sdk\\emulator\\apksigner.jar","C:\\android-sdk\\cmdline-tools\\latest\\bin\\apksigner.jar","C:\\android-sdk\\tools\\apksigner.jar","C:\\android-sdk\\tools\\bin\\apksigner.jar","C:\\android-sdk\\apksigner.jar"]. Do you have Android Build Tools installed at 'C:\android-sdk'?
Build info: version: '3.141.59', revision: 'e82be7d358', time: '2018-11-14T08:17:03'
System info: host: 'SUNIL-LAPTOP', ip: '192.168.1.12', os.name: 'Windows 10', os.arch: 'amd64', os.version: '10.0', java.version: '1.8.0_261'
Driver info: driver.version: AndroidDriver
remote stacktrace: UnknownError: An unknown server-side error occurred while processing the command. Original error: Cannot verify the signature of 'C:\Users\SUNIL\AppData\Roaming\npm\node_modules\appium\node_modules\appium-uiautomator2-server\apks\appium-uiautomator2-server-v4.27.0.apk'. Original error: Could not find 'apksigner.jar' in ["C:\\android-sdk\\platform-tools\\apksigner.jar","C:\\android-sdk\\emulator\\apksigner.jar","C:\\android-sdk\\cmdline-tools\\latest\\bin\\apksigner.jar","C:\\android-sdk\\tools\\apksigner.jar","C:\\android-sdk\\tools\\bin\\apksigner.jar","C:\\android-sdk\\apksigner.jar"]. Do you have Android Build Tools installed at 'C:\android-sdk'?
    at getResponseForW3CError (C:\Users\SUNIL\AppData\Roaming\npm\node_modules\appium\node_modules\appium-base-driver\lib\protocol\errors.js:804:9)
    at asyncHandler (C:\Users\SUNIL\AppData\Roaming\npm\node_modules\appium\node_modules\appium-base-driver\lib\protocol\protocol.js:380:37)
Build info: version: '3.141.59', revision: 'e82be7d358', time: '2018-11-14T08:17:03'
System info: host: 'SUNIL-LAPTOP', ip: '192.168.1.12', os.name: 'Windows 10', os.arch: 'amd64', os.version: '10.0', java.version: '1.8.0_261'
Driver info: driver.version: AndroidDriver
at io.appium.java_client.remote.AppiumCommandExecutor$1.createSession(AppiumCommandExecutor.java:208)
at io.appium.java_client.remote.AppiumCommandExecutor.createSession(AppiumCommandExecutor.java:217)
at io.appium.java_client.remote.AppiumCommandExecutor.execute(AppiumCommandExecutor.java:239)
at org.openqa.selenium.remote.RemoteWebDriver.execute(RemoteWebDriver.java:552)
at io.appium.java_client.DefaultGenericMobileDriver.execute(DefaultGenericMobileDriver.java:41)
at io.appium.java_client.AppiumDriver.execute(AppiumDriver.java:1)
at io.appium.java_client.android.AndroidDriver.execute(AndroidDriver.java:1)
at org.openqa.selenium.remote.RemoteWebDriver.startSession(RemoteWebDriver.java:213)
at io.appium.java_client.AppiumDriver.startSession(AppiumDriver.java:323)
at org.openqa.selenium.remote.RemoteWebDriver.<init>(RemoteWebDriver.java:131)
at io.appium.java_client.DefaultGenericMobileDriver.<init>(DefaultGenericMobileDriver.java:37)
at io.appium.java_client.AppiumDriver.<init>(AppiumDriver.java:86)
at io.appium.java_client.AppiumDriver.<init>(AppiumDriver.java:96)
at io.appium.java_client.android.AndroidDriver.<init>(AndroidDriver.java:94)
at com.webwork.AppiumAutomationFrameWork.test.BasicTest.setUp(BasicTest.java:44)
at sun.reflect.NativeMethodAccessorImpl.invoke0(Native Method)
at sun.reflect.NativeMethodAccessorImpl.invoke(NativeMethodAccessorImpl.java:62)
at sun.reflect.DelegatingMethodAccessorImpl.invoke(DelegatingMethodAccessorImpl.java:43)
at java.lang.reflect.Method.invoke(Method.java:498)
at org.testng.internal.MethodInvocationHelper.invokeMethod(MethodInvocationHelper.java:124)
at org.testng.internal.MethodInvocationHelper.invokeMethodConsideringTimeout(MethodInvocationHelper.java:59)
at org.testng.internal.Invoker.invokeConfigurationMethod(Invoker.java:458)
at org.testng.internal.Invoker.invokeConfigurations(Invoker.java:222)
at org.testng.internal.Invoker.invokeMethod(Invoker.java:523)
at org.testng.internal.Invoker.invokeTestMethod(Invoker.java:719)
at org.testng.internal.Invoker.invokeTestMethods(Invoker.java:989)
at org.testng.internal.TestMethodWorker.invokeTestMethods(TestMethodWorker.java:125)
at org.testng.internal.TestMethodWorker.run(TestMethodWorker.java:109)
at org.testng.TestRunner.privateRun(TestRunner.java:648)
at org.testng.TestRunner.run(TestRunner.java:505)
at org.testng.SuiteRunner.runTest(SuiteRunner.java:455)
at org.testng.SuiteRunner.runSequentially(SuiteRunner.java:450)
at org.testng.SuiteRunner.privateRun(SuiteRunner.java:415)
at org.testng.SuiteRunner.run(SuiteRunner.java:364)
at org.testng.SuiteRunnerWorker.runSuite(SuiteRunnerWorker.java:52)
at org.testng.SuiteRunnerWorker.run(SuiteRunnerWorker.java:84)
at org.testng.TestNG.runSuitesSequentially(TestNG.java:1208)
at org.testng.TestNG.runSuitesLocally(TestNG.java:1137)
at org.testng.TestNG.runSuites(TestNG.java:1049)
at org.testng.TestNG.run(TestNG.java:1017)
at org.testng.remote.AbstractRemoteTestNG.run(AbstractRemoteTestNG.java:115)
at org.testng.remote.RemoteTestNG.initAndRun(RemoteTestNG.java:251)
at org.testng.remote.RemoteTestNG.main(RemoteTestNG.java:77)
Caused by: java.lang.reflect.InvocationTargetException
at sun.reflect.NativeMethodAccessorImpl.invoke0(Native Method)
at sun.reflect.NativeMethodAccessorImpl.invoke(NativeMethodAccessorImpl.java:62)
at sun.reflect.DelegatingMethodAccessorImpl.invoke(DelegatingMethodAccessorImpl.java:43)
at java.lang.reflect.Method.invoke(Method.java:498)
at io.appium.java_client.remote.AppiumCommandExecutor$1.createSession(AppiumCommandExecutor.java:186)
... 42 more
Caused by: org.openqa.selenium.WebDriverException: An unknown server-side error occurred while processing the command. Original error: Cannot verify the signature of 'C:\Users\SUNIL\AppData\Roaming\npm\node_modules\appium\node_modules\appium-uiautomator2-server\apks\appium-uiautomator2-server-v4.27.0.apk'. Original error: Could not find 'apksigner.jar' in ["C:\\android-sdk\\platform-tools\\apksigner.jar","C:\\android-sdk\\emulator\\apksigner.jar","C:\\android-sdk\\cmdline-tools\\latest\\bin\\apksigner.jar","C:\\android-sdk\\tools\\apksigner.jar","C:\\android-sdk\\tools\\bin\\apksigner.jar","C:\\android-sdk\\apksigner.jar"]. Do you have Android Build Tools installed at 'C:\android-sdk'?
Build info: version: '3.141.59', revision: 'e82be7d358', time: '2018-11-14T08:17:03'
System info: host: 'SUNIL-LAPTOP', ip: '192.168.1.12', os.name: 'Windows 10', os.arch: 'amd64', os.version: '10.0', java.version: '1.8.0_261'
Driver info: driver.version: AndroidDriver
remote stacktrace: UnknownError: An unknown server-side error occurred while processing the command. Original error: Cannot verify the signature of 'C:\Users\SUNIL\AppData\Roaming\npm\node_modules\appium\node_modules\appium-uiautomator2-server\apks\appium-uiautomator2-server-v4.27.0.apk'. Original error: Could not find 'apksigner.jar' in ["C:\\android-sdk\\platform-tools\\apksigner.jar","C:\\android-sdk\\emulator\\apksigner.jar","C:\\android-sdk\\cmdline-tools\\latest\\bin\\apksigner.jar","C:\\android-sdk\\tools\\apksigner.jar","C:\\android-sdk\\tools\\bin\\apksigner.jar","C:\\android-sdk\\apksigner.jar"]. Do you have Android Build Tools installed at 'C:\android-sdk'?
    at getResponseForW3CError (C:\Users\SUNIL\AppData\Roaming\npm\node_modules\appium\node_modules\appium-base-driver\lib\protocol\errors.js:804:9)
    at asyncHandler (C:\Users\SUNIL\AppData\Roaming\npm\node_modules\appium\node_modules\appium-base-driver\lib\protocol\protocol.js:380:37)
at sun.reflect.NativeConstructorAccessorImpl.newInstance0(Native Method)
at sun.reflect.NativeConstructorAccessorImpl.newInstance(NativeConstructorAccessorImpl.java:62)
at sun.reflect.DelegatingConstructorAccessorImpl.newInstance(DelegatingConstructorAccessorImpl.java:45)
at java.lang.reflect.Constructor.newInstance(Constructor.java:423)
at org.openqa.selenium.remote.W3CHandshakeResponse.lambda$errorHandler$0(W3CHandshakeResponse.java:62)
at org.openqa.selenium.remote.HandshakeResponse.lambda$getResponseFunction$0(HandshakeResponse.java:30)
at org.openqa.selenium.remote.ProtocolHandshake.lambda$createSession$0(ProtocolHandshake.java:126)
at java.util.stream.ReferencePipeline$3$1.accept(ReferencePipeline.java:193)
at java.util.Spliterators$ArraySpliterator.tryAdvance(Spliterators.java:958)
at java.util.stream.ReferencePipeline.forEachWithCancel(ReferencePipeline.java:126)
at java.util.stream.AbstractPipeline.copyIntoWithCancel(AbstractPipeline.java:499)
at java.util.stream.AbstractPipeline.copyInto(AbstractPipeline.java:486)
at java.util.stream.AbstractPipeline.wrapAndCopyInto(AbstractPipeline.java:472)
at java.util.stream.FindOps$FindOp.evaluateSequential(FindOps.java:152)
at java.util.stream.AbstractPipeline.evaluate(AbstractPipeline.java:234)
at java.util.stream.ReferencePipeline.findFirst(ReferencePipeline.java:464)
at org.openqa.selenium.remote.ProtocolHandshake.createSession(ProtocolHandshake.java:128)
... 47 more
]]>
    </error>
  </testcase> <!-- setUp -->
  <testcase name="loginToSwagLabsTestValid" time="0.000" classname="com.webwork.AppiumAutomationFrameWork.test.BasicTest">
    <skipped/>
  </testcase> <!-- loginToSwagLabsTestValid -->
</testsuite> <!-- com.webwork.AppiumAutomationFrameWork.test.BasicTest -->
