<?xml version="1.0" encoding="UTF-8"?>
<!-- Generated by org.testng.reporters.JUnitReportReporter -->
<testsuite skipped="0" hostname="SUNIL-LAPTOP" name="com.webwork.AppiumAutomationFrameWork.test.Mobile_Android_Browser_Test2" tests="1" failures="0" timestamp="18 Jan 2023 18:05:33 GMT" time="30.752" errors="0">
  <testcase name="loginToSwagLabsTestValid" time="30.752" classname="com.webwork.AppiumAutomationFrameWork.test.Mobile_Android_Browser_Test2"/>
</testsuite> <!-- com.webwork.AppiumAutomationFrameWork.test.Mobile_Android_Browser_Test2 -->
